[debug] [2022-07-12T18:29:58.845Z] ----------------------------------------------------------------------
[debug] [2022-07-12T18:29:58.847Z] Command:       C:\Program Files\nodejs\node.exe C:\Users\Igrma\AppData\Roaming\npm\node_modules\firebase-tools\lib\bin\firebase.js init firestore
[debug] [2022-07-12T18:29:58.847Z] CLI Version:   11.2.1
[debug] [2022-07-12T18:29:58.847Z] Platform:      win32
[debug] [2022-07-12T18:29:58.848Z] Node Version:  v16.15.0
[debug] [2022-07-12T18:29:58.910Z] Time:          Tue Jul 12 2022 21:29:58 GMT+0300 (East Africa Time)
[debug] [2022-07-12T18:29:58.911Z] ----------------------------------------------------------------------
[debug] 
[debug] [2022-07-12T18:29:58.918Z] >>> [apiv2][query] GET https://firebase-public.firebaseio.com/cli.json [none]
[debug] [2022-07-12T18:29:58.959Z] > command requires scopes: ["email","openid","https://www.googleapis.com/auth/cloudplatformprojects.readonly","https://www.googleapis.com/auth/firebase","https://www.googleapis.com/auth/cloud-platform"]
[debug] [2022-07-12T18:29:58.960Z] > authorizing via signed-in user (totilahunfeyissa@gmail.com)
[info] 
     ######## #### ########  ######## ########     ###     ######  ########
     ##        ##  ##     ## ##       ##     ##  ##   ##  ##       ##
     ######    ##  ########  ######   ########  #########  ######  ######
     ##        ##  ##    ##  ##       ##     ## ##     ##       ## ##
     ##       #### ##     ## ######## ########  ##     ##  ######  ########

You're about to initialize a Firebase project in this directory:

  C:\Users\Igrma\Desktop\evangadi\phase 3\practice\ReactAPIandRouting\react-apple\src

[debug] [2022-07-12T18:30:02.979Z] <<< [apiv2][status] GET https://firebase-public.firebaseio.com/cli.json 200
[debug] [2022-07-12T18:30:02.981Z] <<< [apiv2][body] GET https://firebase-public.firebaseio.com/cli.json {"cloudBuildErrorAfter":1594252800000,"cloudBuildWarnAfter":1590019200000,"defaultNode10After":1594252800000,"minVersion":"3.0.5","node8DeploysDisabledAfter":1613390400000,"node8RuntimeDisabledAfter":1615809600000,"node8WarnAfter":1600128000000}
[info] 
=== Project Setup
[info] 
[info] First, let's associate this project directory with a Firebase project.
[info] You can create multiple project aliases by running firebase use --add, 
[info] but for now we'll just set up a default project.
[info] 
[debug] [2022-07-12T18:31:25.918Z] > refreshing access token with scopes: []
[debug] [2022-07-12T18:31:25.922Z] >>> [apiv2][query] POST https://www.googleapis.com/oauth2/v3/token [none]
[debug] [2022-07-12T18:31:25.922Z] >>> [apiv2][body] POST https://www.googleapis.com/oauth2/v3/token [omitted]
[debug] [2022-07-12T18:31:27.897Z] <<< [apiv2][status] POST https://www.googleapis.com/oauth2/v3/token 200
[debug] [2022-07-12T18:31:27.897Z] <<< [apiv2][body] POST https://www.googleapis.com/oauth2/v3/token [omitted]
[debug] [2022-07-12T18:31:28.106Z] >>> [apiv2][query] GET https://firebase.googleapis.com/v1beta1/projects pageSize=100
[debug] [2022-07-12T18:31:49.140Z] Failed to make request to https://firebase.googleapis.com/v1beta1/projects?pageSize=100
[debug] [2022-07-12T18:32:10.157Z] FirebaseError: Failed to make request to https://firebase.googleapis.com/v1beta1/projects?pageSize=100
    at RetryOperation._fn (C:\Users\Igrma\AppData\Roaming\npm\node_modules\firebase-tools\lib\apiv2.js:241:31)
    at processTicksAndRejections (node:internal/process/task_queues:96:5)
[error] 
[error] Error: Failed to list Firebase projects. See firebase-debug.log for more info.
